Determining if the pthread_create exist failed with the following output:
Change Dir: /home/wymt/c++/ROS/kinect/build/CMakeFiles/CMakeTmp

Run Build Command:"/usr/bin/make" "cmTC_37f71/fast"
/usr/bin/make -f CMakeFiles/cmTC_37f71.dir/build.make CMakeFiles/cmTC_37f71.dir/build
make[1]: Entering directory '/home/wymt/c++/ROS/kinect/build/CMakeFiles/CMakeTmp'
Building C object CMakeFiles/cmTC_37f71.dir/CheckSymbolExists.c.o
/usr/bin/cc     -o CMakeFiles/cmTC_37f71.dir/CheckSymbolExists.c.o   -c /home/wymt/c++/ROS/kinect/build/CMakeFiles/CMakeTmp/CheckSymbolExists.c
Linking C executable cmTC_37f71
/usr/bin/cmake -E cmake_link_script CMakeFiles/cmTC_37f71.dir/link.txt --verbose=1
/usr/bin/cc       CMakeFiles/cmTC_37f71.dir/CheckSymbolExists.c.o  -o cmTC_37f71 -rdynamic 
CMakeFiles/cmTC_37f71.dir/CheckSymbolExists.c.o：在函数‘main’中：
CheckSymbolExists.c:(.text+0x16)：对‘pthread_create’未定义的引用
collect2: error: ld returned 1 exit status
CMakeFiles/cmTC_37f71.dir/build.make:97: recipe for target 'cmTC_37f71' failed
make[1]: *** [cmTC_37f71] Error 1
make[1]: Leaving directory '/home/wymt/c++/ROS/kinect/build/CMakeFiles/CMakeTmp'
Makefile:126: recipe for target 'cmTC_37f71/fast' failed
make: *** [cmTC_37f71/fast] Error 2

File /home/wymt/c++/ROS/kinect/build/CMakeFiles/CMakeTmp/CheckSymbolExists.c:
/* */
#include <pthread.h>

int main(int argc, char** argv)
{
  (void)argv;
#ifndef pthread_create
  return ((int*)(&pthread_create))[argc];
#else
  (void)argc;
  return 0;
#endif
}

Determining if the function pthread_create exists in the pthreads failed with the following output:
Change Dir: /home/wymt/c++/ROS/kinect/build/CMakeFiles/CMakeTmp

Run Build Command:"/usr/bin/make" "cmTC_c44c2/fast"
/usr/bin/make -f CMakeFiles/cmTC_c44c2.dir/build.make CMakeFiles/cmTC_c44c2.dir/build
make[1]: Entering directory '/home/wymt/c++/ROS/kinect/build/CMakeFiles/CMakeTmp'
Building C object CMakeFiles/cmTC_c44c2.dir/CheckFunctionExists.c.o
/usr/bin/cc    -DCHECK_FUNCTION_EXISTS=pthread_create   -o CMakeFiles/cmTC_c44c2.dir/CheckFunctionExists.c.o   -c /usr/share/cmake-3.5/Modules/CheckFunctionExists.c
Linking C executable cmTC_c44c2
/usr/bin/cmake -E cmake_link_script CMakeFiles/cmTC_c44c2.dir/link.txt --verbose=1
/usr/bin/cc   -DCHECK_FUNCTION_EXISTS=pthread_create    CMakeFiles/cmTC_c44c2.dir/CheckFunctionExists.c.o  -o cmTC_c44c2 -rdynamic -lpthreads 
/usr/bin/ld: 找不到 -lpthreads
collect2: error: ld returned 1 exit status
CMakeFiles/cmTC_c44c2.dir/build.make:97: recipe for target 'cmTC_c44c2' failed
make[1]: *** [cmTC_c44c2] Error 1
make[1]: Leaving directory '/home/wymt/c++/ROS/kinect/build/CMakeFiles/CMakeTmp'
Makefile:126: recipe for target 'cmTC_c44c2/fast' failed
make: *** [cmTC_c44c2/fast] Error 2


