Determining if the pthread_create exist failed with the following output:
Change Dir: /home/wymt/c++/ROS/d_6/build/CMakeFiles/CMakeTmp

Run Build Command:"/usr/bin/make" "cmTC_977a7/fast"
/usr/bin/make -f CMakeFiles/cmTC_977a7.dir/build.make CMakeFiles/cmTC_977a7.dir/build
make[1]: Entering directory '/home/wymt/c++/ROS/d_6/build/CMakeFiles/CMakeTmp'
Building C object CMakeFiles/cmTC_977a7.dir/CheckSymbolExists.c.o
/usr/bin/cc     -o CMakeFiles/cmTC_977a7.dir/CheckSymbolExists.c.o   -c /home/wymt/c++/ROS/d_6/build/CMakeFiles/CMakeTmp/CheckSymbolExists.c
Linking C executable cmTC_977a7
/usr/bin/cmake -E cmake_link_script CMakeFiles/cmTC_977a7.dir/link.txt --verbose=1
/usr/bin/cc       CMakeFiles/cmTC_977a7.dir/CheckSymbolExists.c.o  -o cmTC_977a7 -rdynamic 
CMakeFiles/cmTC_977a7.dir/CheckSymbolExists.c.o：在函数‘main’中：
CheckSymbolExists.c:(.text+0x16)：对‘pthread_create’未定义的引用
collect2: error: ld returned 1 exit status
CMakeFiles/cmTC_977a7.dir/build.make:97: recipe for target 'cmTC_977a7' failed
make[1]: *** [cmTC_977a7] Error 1
make[1]: Leaving directory '/home/wymt/c++/ROS/d_6/build/CMakeFiles/CMakeTmp'
Makefile:126: recipe for target 'cmTC_977a7/fast' failed
make: *** [cmTC_977a7/fast] Error 2

File /home/wymt/c++/ROS/d_6/build/CMakeFiles/CMakeTmp/CheckSymbolExists.c:
/* */
#include <pthread.h>

int main(int argc, char** argv)
{
  (void)argv;
#ifndef pthread_create
  return ((int*)(&pthread_create))[argc];
#else
  (void)argc;
  return 0;
#endif
}

Determining if the function pthread_create exists in the pthreads failed with the following output:
Change Dir: /home/wymt/c++/ROS/d_6/build/CMakeFiles/CMakeTmp

Run Build Command:"/usr/bin/make" "cmTC_f45be/fast"
/usr/bin/make -f CMakeFiles/cmTC_f45be.dir/build.make CMakeFiles/cmTC_f45be.dir/build
make[1]: Entering directory '/home/wymt/c++/ROS/d_6/build/CMakeFiles/CMakeTmp'
Building C object CMakeFiles/cmTC_f45be.dir/CheckFunctionExists.c.o
/usr/bin/cc    -DCHECK_FUNCTION_EXISTS=pthread_create   -o CMakeFiles/cmTC_f45be.dir/CheckFunctionExists.c.o   -c /usr/share/cmake-3.5/Modules/CheckFunctionExists.c
Linking C executable cmTC_f45be
/usr/bin/cmake -E cmake_link_script CMakeFiles/cmTC_f45be.dir/link.txt --verbose=1
/usr/bin/cc   -DCHECK_FUNCTION_EXISTS=pthread_create    CMakeFiles/cmTC_f45be.dir/CheckFunctionExists.c.o  -o cmTC_f45be -rdynamic -lpthreads 
/usr/bin/ld: 找不到 -lpthreads
collect2: error: ld returned 1 exit status
CMakeFiles/cmTC_f45be.dir/build.make:97: recipe for target 'cmTC_f45be' failed
make[1]: *** [cmTC_f45be] Error 1
make[1]: Leaving directory '/home/wymt/c++/ROS/d_6/build/CMakeFiles/CMakeTmp'
Makefile:126: recipe for target 'cmTC_f45be/fast' failed
make: *** [cmTC_f45be/fast] Error 2


Determining if the pthread_create exist failed with the following output:
Change Dir: /home/wymt/c++/ROS/d_6/build/CMakeFiles/CMakeTmp

Run Build Command:"/usr/bin/make" "cmTC_6d094/fast"
/usr/bin/make -f CMakeFiles/cmTC_6d094.dir/build.make CMakeFiles/cmTC_6d094.dir/build
make[1]: Entering directory '/home/wymt/c++/ROS/d_6/build/CMakeFiles/CMakeTmp'
Building C object CMakeFiles/cmTC_6d094.dir/CheckSymbolExists.c.o
/usr/bin/cc     -o CMakeFiles/cmTC_6d094.dir/CheckSymbolExists.c.o   -c /home/wymt/c++/ROS/d_6/build/CMakeFiles/CMakeTmp/CheckSymbolExists.c
Linking C executable cmTC_6d094
/usr/bin/cmake -E cmake_link_script CMakeFiles/cmTC_6d094.dir/link.txt --verbose=1
/usr/bin/cc       CMakeFiles/cmTC_6d094.dir/CheckSymbolExists.c.o  -o cmTC_6d094 -rdynamic 
CMakeFiles/cmTC_6d094.dir/CheckSymbolExists.c.o：在函数‘main’中：
CheckSymbolExists.c:(.text+0x16)：对‘pthread_create’未定义的引用
collect2: error: ld returned 1 exit status
CMakeFiles/cmTC_6d094.dir/build.make:97: recipe for target 'cmTC_6d094' failed
make[1]: *** [cmTC_6d094] Error 1
make[1]: Leaving directory '/home/wymt/c++/ROS/d_6/build/CMakeFiles/CMakeTmp'
Makefile:126: recipe for target 'cmTC_6d094/fast' failed
make: *** [cmTC_6d094/fast] Error 2

File /home/wymt/c++/ROS/d_6/build/CMakeFiles/CMakeTmp/CheckSymbolExists.c:
/* */
#include <pthread.h>

int main(int argc, char** argv)
{
  (void)argv;
#ifndef pthread_create
  return ((int*)(&pthread_create))[argc];
#else
  (void)argc;
  return 0;
#endif
}

Determining if the function pthread_create exists in the pthreads failed with the following output:
Change Dir: /home/wymt/c++/ROS/d_6/build/CMakeFiles/CMakeTmp

Run Build Command:"/usr/bin/make" "cmTC_ea316/fast"
/usr/bin/make -f CMakeFiles/cmTC_ea316.dir/build.make CMakeFiles/cmTC_ea316.dir/build
make[1]: Entering directory '/home/wymt/c++/ROS/d_6/build/CMakeFiles/CMakeTmp'
Building C object CMakeFiles/cmTC_ea316.dir/CheckFunctionExists.c.o
/usr/bin/cc    -DCHECK_FUNCTION_EXISTS=pthread_create   -o CMakeFiles/cmTC_ea316.dir/CheckFunctionExists.c.o   -c /usr/share/cmake-3.5/Modules/CheckFunctionExists.c
Linking C executable cmTC_ea316
/usr/bin/cmake -E cmake_link_script CMakeFiles/cmTC_ea316.dir/link.txt --verbose=1
/usr/bin/cc   -DCHECK_FUNCTION_EXISTS=pthread_create    CMakeFiles/cmTC_ea316.dir/CheckFunctionExists.c.o  -o cmTC_ea316 -rdynamic -lpthreads 
/usr/bin/ld: 找不到 -lpthreads
collect2: error: ld returned 1 exit status
CMakeFiles/cmTC_ea316.dir/build.make:97: recipe for target 'cmTC_ea316' failed
make[1]: *** [cmTC_ea316] Error 1
make[1]: Leaving directory '/home/wymt/c++/ROS/d_6/build/CMakeFiles/CMakeTmp'
Makefile:126: recipe for target 'cmTC_ea316/fast' failed
make: *** [cmTC_ea316/fast] Error 2


